n=10 h=2048 nr=20

BlockHisto deltaT(ns): 3299550 ns for 20 ops 
        ==> each op takes 164977 ns
        ==> throughput: 0.0606143 MFLOP/s

GlobalHisto deltaT(ns): 305465 ns for 20 ops 
        ==> each op takes 15273 ns
        ==> throughput: 0.654739 MFLOP/s

SerialHisto deltaT(ns): 117575 ns for 20 ops 
        ==> each op takes 5878 ns
        ==> throughput: 1.70104 MFLOP/s
---
n=20 h=2048 nr=20

BlockHisto deltaT(ns): 831823 ns for 20 ops 
        ==> each op takes 41591 ns
        ==> throughput: 0.480872 MFLOP/s

GlobalHisto deltaT(ns): 113822 ns for 20 ops 
        ==> each op takes 5691 ns
        ==> throughput: 3.51426 MFLOP/s

SerialHisto deltaT(ns): 120474 ns for 20 ops 
        ==> each op takes 6023 ns
        ==> throughput: 3.32022 MFLOP/s
---
n=30 h=2048 nr=20

BlockHisto deltaT(ns): 824424 ns for 20 ops 
        ==> each op takes 41221 ns
        ==> throughput: 0.727781 MFLOP/s

GlobalHisto deltaT(ns): 133191 ns for 20 ops 
        ==> each op takes 6659 ns
        ==> throughput: 4.50481 MFLOP/s

SerialHisto deltaT(ns): 120291 ns for 20 ops 
        ==> each op takes 6014 ns
        ==> throughput: 4.9879 MFLOP/s
---
n=40 h=2048 nr=20

BlockHisto deltaT(ns): 824756 ns for 20 ops 
        ==> each op takes 41237 ns
        ==> throughput: 0.969984 MFLOP/s

GlobalHisto deltaT(ns): 113875 ns for 20 ops 
        ==> each op takes 5693 ns
        ==> throughput: 7.02525 MFLOP/s

SerialHisto deltaT(ns): 126270 ns for 20 ops 
        ==> each op takes 6313 ns
        ==> throughput: 6.33563 MFLOP/s
---
n=50 h=2048 nr=20

BlockHisto deltaT(ns): 822174 ns for 20 ops 
        ==> each op takes 41108 ns
        ==> throughput: 1.21629 MFLOP/s

GlobalHisto deltaT(ns): 113712 ns for 20 ops 
        ==> each op takes 5685 ns
        ==> throughput: 8.79415 MFLOP/s

SerialHisto deltaT(ns): 123161 ns for 20 ops 
        ==> each op takes 6158 ns
        ==> throughput: 8.11945 MFLOP/s
---
n=60 h=2048 nr=20

BlockHisto deltaT(ns): 819744 ns for 20 ops 
        ==> each op takes 40987 ns
        ==> throughput: 1.46387 MFLOP/s

GlobalHisto deltaT(ns): 115953 ns for 20 ops 
        ==> each op takes 5797 ns
        ==> throughput: 10.349 MFLOP/s

SerialHisto deltaT(ns): 126470 ns for 20 ops 
        ==> each op takes 6323 ns
        ==> throughput: 9.48842 MFLOP/s
---
n=70 h=2048 nr=20

BlockHisto deltaT(ns): 822957 ns for 20 ops 
        ==> each op takes 41147 ns
        ==> throughput: 1.70118 MFLOP/s

GlobalHisto deltaT(ns): 125693 ns for 20 ops 
        ==> each op takes 6284 ns
        ==> throughput: 11.1382 MFLOP/s

SerialHisto deltaT(ns): 130438 ns for 20 ops 
        ==> each op takes 6521 ns
        ==> throughput: 10.7331 MFLOP/s
---
n=80 h=2048 nr=20

BlockHisto deltaT(ns): 822469 ns for 20 ops 
        ==> each op takes 41123 ns
        ==> throughput: 1.94536 MFLOP/s

GlobalHisto deltaT(ns): 114611 ns for 20 ops 
        ==> each op takes 5730 ns
        ==> throughput: 13.9603 MFLOP/s

SerialHisto deltaT(ns): 130999 ns for 20 ops 
        ==> each op takes 6549 ns
        ==> throughput: 12.2138 MFLOP/s
---
n=90 h=2048 nr=20

BlockHisto deltaT(ns): 819232 ns for 20 ops 
        ==> each op takes 40961 ns
        ==> throughput: 2.19718 MFLOP/s

GlobalHisto deltaT(ns): 112591 ns for 20 ops 
        ==> each op takes 5629 ns
        ==> throughput: 15.9871 MFLOP/s

SerialHisto deltaT(ns): 129523 ns for 20 ops 
        ==> each op takes 6476 ns
        ==> throughput: 13.8971 MFLOP/s
---
n=100 h=2048 nr=20

BlockHisto deltaT(ns): 818789 ns for 20 ops 
        ==> each op takes 40939 ns
        ==> throughput: 2.44263 MFLOP/s

GlobalHisto deltaT(ns): 117642 ns for 20 ops 
        ==> each op takes 5882 ns
        ==> throughput: 17.0007 MFLOP/s

SerialHisto deltaT(ns): 137393 ns for 20 ops 
        ==> each op takes 6869 ns
        ==> throughput: 14.5568 MFLOP/s
---
n=120 h=2048 nr=20

BlockHisto deltaT(ns): 825717 ns for 20 ops 
        ==> each op takes 41285 ns
        ==> throughput: 2.90656 MFLOP/s

GlobalHisto deltaT(ns): 115064 ns for 20 ops 
        ==> each op takes 5753 ns
        ==> throughput: 20.858 MFLOP/s

SerialHisto deltaT(ns): 139163 ns for 20 ops 
        ==> each op takes 6958 ns
        ==> throughput: 17.246 MFLOP/s
---
n=140 h=2048 nr=20

BlockHisto deltaT(ns): 820140 ns for 20 ops 
        ==> each op takes 41007 ns
        ==> throughput: 3.41405 MFLOP/s

GlobalHisto deltaT(ns): 127092 ns for 20 ops 
        ==> each op takes 6354 ns
        ==> throughput: 22.0313 MFLOP/s

SerialHisto deltaT(ns): 139729 ns for 20 ops 
        ==> each op takes 6986 ns
        ==> throughput: 20.0388 MFLOP/s
---
n=160 h=2048 nr=20

BlockHisto deltaT(ns): 826891 ns for 20 ops 
        ==> each op takes 41344 ns
        ==> throughput: 3.86992 MFLOP/s

GlobalHisto deltaT(ns): 117255 ns for 20 ops 
        ==> each op takes 5862 ns
        ==> throughput: 27.2909 MFLOP/s

SerialHisto deltaT(ns): 141181 ns for 20 ops 
        ==> each op takes 7059 ns
        ==> throughput: 22.6659 MFLOP/s
---
n=180 h=2048 nr=20

BlockHisto deltaT(ns): 835925 ns for 20 ops 
        ==> each op takes 41796 ns
        ==> throughput: 4.30661 MFLOP/s

GlobalHisto deltaT(ns): 134479 ns for 20 ops 
        ==> each op takes 6723 ns
        ==> throughput: 26.77 MFLOP/s

SerialHisto deltaT(ns): 149127 ns for 20 ops 
        ==> each op takes 7456 ns
        ==> throughput: 24.1405 MFLOP/s
---
n=200 h=2048 nr=20

BlockHisto deltaT(ns): 824697 ns for 20 ops 
        ==> each op takes 41234 ns
        ==> throughput: 4.85027 MFLOP/s

GlobalHisto deltaT(ns): 114436 ns for 20 ops 
        ==> each op takes 5721 ns
        ==> throughput: 34.954 MFLOP/s

SerialHisto deltaT(ns): 157232 ns for 20 ops 
        ==> each op takes 7861 ns
        ==> throughput: 25.4401 MFLOP/s
---
n=220 h=2048 nr=20

BlockHisto deltaT(ns): 824185 ns for 20 ops 
        ==> each op takes 41209 ns
        ==> throughput: 5.33861 MFLOP/s

GlobalHisto deltaT(ns): 121109 ns for 20 ops 
        ==> each op takes 6055 ns
        ==> throughput: 36.3309 MFLOP/s

SerialHisto deltaT(ns): 161971 ns for 20 ops 
        ==> each op takes 8098 ns
        ==> throughput: 27.1654 MFLOP/s
---
n=240 h=2048 nr=20

BlockHisto deltaT(ns): 826179 ns for 20 ops 
        ==> each op takes 41308 ns
        ==> throughput: 5.80988 MFLOP/s

GlobalHisto deltaT(ns): 114095 ns for 20 ops 
        ==> each op takes 5704 ns
        ==> throughput: 42.0702 MFLOP/s

SerialHisto deltaT(ns): 158751 ns for 20 ops 
        ==> each op takes 7937 ns
        ==> throughput: 30.236 MFLOP/s
---
n=260 h=2048 nr=20

BlockHisto deltaT(ns): 827398 ns for 20 ops 
        ==> each op takes 41369 ns
        ==> throughput: 6.28476 MFLOP/s

GlobalHisto deltaT(ns): 112960 ns for 20 ops 
        ==> each op takes 5648 ns
        ==> throughput: 46.034 MFLOP/s

SerialHisto deltaT(ns): 162574 ns for 20 ops 
        ==> each op takes 8128 ns
        ==> throughput: 31.9854 MFLOP/s
---
n=280 h=2048 nr=20

BlockHisto deltaT(ns): 826559 ns for 20 ops 
        ==> each op takes 41327 ns
        ==> throughput: 6.77508 MFLOP/s

GlobalHisto deltaT(ns): 113063 ns for 20 ops 
        ==> each op takes 5653 ns
        ==> throughput: 49.5299 MFLOP/s

SerialHisto deltaT(ns): 157284 ns for 20 ops 
        ==> each op takes 7864 ns
        ==> throughput: 35.6044 MFLOP/s
---
n=300 h=2048 nr=20

BlockHisto deltaT(ns): 821222 ns for 20 ops 
        ==> each op takes 41061 ns
        ==> throughput: 7.30619 MFLOP/s

GlobalHisto deltaT(ns): 113928 ns for 20 ops 
        ==> each op takes 5696 ns
        ==> throughput: 52.6648 MFLOP/s

SerialHisto deltaT(ns): 161228 ns for 20 ops 
        ==> each op takes 8061 ns
        ==> throughput: 37.2144 MFLOP/s
---
n=350 h=2048 nr=20

BlockHisto deltaT(ns): 822295 ns for 20 ops 
        ==> each op takes 41114 ns
        ==> throughput: 8.51276 MFLOP/s

GlobalHisto deltaT(ns): 115665 ns for 20 ops 
        ==> each op takes 5783 ns
        ==> throughput: 60.5196 MFLOP/s

SerialHisto deltaT(ns): 176436 ns for 20 ops 
        ==> each op takes 8821 ns
        ==> throughput: 39.6744 MFLOP/s
---
n=400 h=2048 nr=20

BlockHisto deltaT(ns): 819926 ns for 20 ops 
        ==> each op takes 40996 ns
        ==> throughput: 9.75698 MFLOP/s

GlobalHisto deltaT(ns): 113950 ns for 20 ops 
        ==> each op takes 5697 ns
        ==> throughput: 70.2062 MFLOP/s

SerialHisto deltaT(ns): 189940 ns for 20 ops 
        ==> each op takes 9497 ns
        ==> throughput: 42.1186 MFLOP/s
---
n=450 h=2048 nr=20

BlockHisto deltaT(ns): 825538 ns for 20 ops 
        ==> each op takes 41276 ns
        ==> throughput: 10.902 MFLOP/s

GlobalHisto deltaT(ns): 134193 ns for 20 ops 
        ==> each op takes 6709 ns
        ==> throughput: 67.0676 MFLOP/s

SerialHisto deltaT(ns): 199868 ns for 20 ops 
        ==> each op takes 9993 ns
        ==> throughput: 45.0297 MFLOP/s
---
n=500 h=2048 nr=20

BlockHisto deltaT(ns): 822536 ns for 20 ops 
        ==> each op takes 41126 ns
        ==> throughput: 12.1575 MFLOP/s

GlobalHisto deltaT(ns): 113726 ns for 20 ops 
        ==> each op takes 5686 ns
        ==> throughput: 87.9306 MFLOP/s

SerialHisto deltaT(ns): 199646 ns for 20 ops 
        ==> each op takes 9982 ns
        ==> throughput: 50.0887 MFLOP/s
---
n=600 h=2048 nr=20

BlockHisto deltaT(ns): 818098 ns for 20 ops 
        ==> each op takes 40904 ns
        ==> throughput: 14.6682 MFLOP/s

GlobalHisto deltaT(ns): 122332 ns for 20 ops 
        ==> each op takes 6116 ns
        ==> throughput: 98.0937 MFLOP/s

SerialHisto deltaT(ns): 234465 ns for 20 ops 
        ==> each op takes 11723 ns
        ==> throughput: 51.1803 MFLOP/s
---
n=700 h=2048 nr=20

BlockHisto deltaT(ns): 823970 ns for 20 ops 
        ==> each op takes 41198 ns
        ==> throughput: 16.9909 MFLOP/s

GlobalHisto deltaT(ns): 115822 ns for 20 ops 
        ==> each op takes 5791 ns
        ==> throughput: 120.875 MFLOP/s

SerialHisto deltaT(ns): 244018 ns for 20 ops 
        ==> each op takes 12200 ns
        ==> throughput: 57.3728 MFLOP/s
---
n=800 h=2048 nr=20

BlockHisto deltaT(ns): 826621 ns for 20 ops 
        ==> each op takes 41331 ns
        ==> throughput: 19.3559 MFLOP/s

GlobalHisto deltaT(ns): 117441 ns for 20 ops 
        ==> each op takes 5872 ns
        ==> throughput: 136.239 MFLOP/s

SerialHisto deltaT(ns): 268794 ns for 20 ops 
        ==> each op takes 13439 ns
        ==> throughput: 59.5251 MFLOP/s
---
n=900 h=2048 nr=20

BlockHisto deltaT(ns): 821130 ns for 20 ops 
        ==> each op takes 41056 ns
        ==> throughput: 21.921 MFLOP/s

GlobalHisto deltaT(ns): 116460 ns for 20 ops 
        ==> each op takes 5823 ns
        ==> throughput: 154.56 MFLOP/s

SerialHisto deltaT(ns): 273744 ns for 20 ops 
        ==> each op takes 13687 ns
        ==> throughput: 65.7549 MFLOP/s
---
n=1000 h=2048 nr=20

BlockHisto deltaT(ns): 828248 ns for 20 ops 
        ==> each op takes 41412 ns
        ==> throughput: 24.1474 MFLOP/s

GlobalHisto deltaT(ns): 114811 ns for 20 ops 
        ==> each op takes 5740 ns
        ==> throughput: 174.199 MFLOP/s

SerialHisto deltaT(ns): 285127 ns for 20 ops 
        ==> each op takes 14256 ns
        ==> throughput: 70.1442 MFLOP/s
---
n=1024 h=2048 nr=20

BlockHisto deltaT(ns): 690170 ns for 20 ops 
        ==> each op takes 34508 ns
        ==> throughput: 29.6738 MFLOP/s

GlobalHisto deltaT(ns): 220839 ns for 20 ops 
        ==> each op takes 11041 ns
        ==> throughput: 92.7372 MFLOP/s

SerialHisto deltaT(ns): 307210 ns for 20 ops 
        ==> each op takes 15360 ns
        ==> throughput: 66.6645 MFLOP/s
---
n=1100 h=2048 nr=20

BlockHisto deltaT(ns): 687520 ns for 20 ops 
        ==> each op takes 34376 ns
        ==> throughput: 31.9991 MFLOP/s

GlobalHisto deltaT(ns): 218429 ns for 20 ops 
        ==> each op takes 10921 ns
        ==> throughput: 100.719 MFLOP/s

SerialHisto deltaT(ns): 323495 ns for 20 ops 
        ==> each op takes 16174 ns
        ==> throughput: 68.0072 MFLOP/s
---
n=1200 h=2048 nr=20

BlockHisto deltaT(ns): 690076 ns for 20 ops 
        ==> each op takes 34503 ns
        ==> throughput: 34.7788 MFLOP/s

GlobalHisto deltaT(ns): 221274 ns for 20 ops 
        ==> each op takes 11063 ns
        ==> throughput: 108.463 MFLOP/s

SerialHisto deltaT(ns): 327424 ns for 20 ops 
        ==> each op takes 16371 ns
        ==> throughput: 73.2995 MFLOP/s
---
n=1300 h=2048 nr=20

BlockHisto deltaT(ns): 687181 ns for 20 ops 
        ==> each op takes 34359 ns
        ==> throughput: 37.8357 MFLOP/s

GlobalHisto deltaT(ns): 223770 ns for 20 ops 
        ==> each op takes 11188 ns
        ==> throughput: 116.191 MFLOP/s

SerialHisto deltaT(ns): 336662 ns for 20 ops 
        ==> each op takes 16833 ns
        ==> throughput: 77.2288 MFLOP/s
---
n=1400 h=2048 nr=20

BlockHisto deltaT(ns): 688515 ns for 20 ops 
        ==> each op takes 34425 ns
        ==> throughput: 40.6672 MFLOP/s

GlobalHisto deltaT(ns): 219445 ns for 20 ops 
        ==> each op takes 10972 ns
        ==> throughput: 127.595 MFLOP/s

SerialHisto deltaT(ns): 381066 ns for 20 ops 
        ==> each op takes 19053 ns
        ==> throughput: 73.4781 MFLOP/s
---
n=1500 h=2048 nr=20

BlockHisto deltaT(ns): 691101 ns for 20 ops 
        ==> each op takes 34555 ns
        ==> throughput: 43.409 MFLOP/s

GlobalHisto deltaT(ns): 203475 ns for 20 ops 
        ==> each op takes 10173 ns
        ==> throughput: 147.438 MFLOP/s

SerialHisto deltaT(ns): 402541 ns for 20 ops 
        ==> each op takes 20127 ns
        ==> throughput: 74.5266 MFLOP/s
---
n=1600 h=2048 nr=20

BlockHisto deltaT(ns): 689198 ns for 20 ops 
        ==> each op takes 34459 ns
        ==> throughput: 46.4308 MFLOP/s

GlobalHisto deltaT(ns): 219408 ns for 20 ops 
        ==> each op takes 10970 ns
        ==> throughput: 145.847 MFLOP/s

SerialHisto deltaT(ns): 405614 ns for 20 ops 
        ==> each op takes 20280 ns
        ==> throughput: 78.8927 MFLOP/s
---
n=1700 h=2048 nr=20

BlockHisto deltaT(ns): 688761 ns for 20 ops 
        ==> each op takes 34438 ns
        ==> throughput: 49.364 MFLOP/s

GlobalHisto deltaT(ns): 222242 ns for 20 ops 
        ==> each op takes 11112 ns
        ==> throughput: 152.986 MFLOP/s

SerialHisto deltaT(ns): 425929 ns for 20 ops 
        ==> each op takes 21296 ns
        ==> throughput: 79.8255 MFLOP/s
---
n=1800 h=2048 nr=20

BlockHisto deltaT(ns): 690392 ns for 20 ops 
        ==> each op takes 34519 ns
        ==> throughput: 52.1443 MFLOP/s

GlobalHisto deltaT(ns): 226126 ns for 20 ops 
        ==> each op takes 11306 ns
        ==> throughput: 159.203 MFLOP/s

SerialHisto deltaT(ns): 436277 ns for 20 ops 
        ==> each op takes 21813 ns
        ==> throughput: 82.5164 MFLOP/s
---
n=1900 h=2048 nr=20

BlockHisto deltaT(ns): 689065 ns for 20 ops 
        ==> each op takes 34453 ns
        ==> throughput: 55.1472 MFLOP/s

GlobalHisto deltaT(ns): 222315 ns for 20 ops 
        ==> each op takes 11115 ns
        ==> throughput: 170.929 MFLOP/s

SerialHisto deltaT(ns): 470679 ns for 20 ops 
        ==> each op takes 23533 ns
        ==> throughput: 80.7344 MFLOP/s
---
n=2000 h=2048 nr=20

BlockHisto deltaT(ns): 689928 ns for 20 ops 
        ==> each op takes 34496 ns
        ==> throughput: 57.9771 MFLOP/s

GlobalHisto deltaT(ns): 218168 ns for 20 ops 
        ==> each op takes 10908 ns
        ==> throughput: 183.345 MFLOP/s

SerialHisto deltaT(ns): 514639 ns for 20 ops 
        ==> each op takes 25731 ns
        ==> throughput: 77.7244 MFLOP/s
---
n=2250 h=2048 nr=20

BlockHisto deltaT(ns): 690005 ns for 20 ops 
        ==> each op takes 34500 ns
        ==> throughput: 65.2169 MFLOP/s

GlobalHisto deltaT(ns): 227924 ns for 20 ops 
        ==> each op takes 11396 ns
        ==> throughput: 197.434 MFLOP/s

SerialHisto deltaT(ns): 498335 ns for 20 ops 
        ==> each op takes 24916 ns
        ==> throughput: 90.3007 MFLOP/s
---
n=2500 h=2048 nr=20

BlockHisto deltaT(ns): 689727 ns for 20 ops 
        ==> each op takes 34486 ns
        ==> throughput: 72.4924 MFLOP/s

GlobalHisto deltaT(ns): 219000 ns for 20 ops 
        ==> each op takes 10950 ns
        ==> throughput: 228.311 MFLOP/s

SerialHisto deltaT(ns): 569386 ns for 20 ops 
        ==> each op takes 28469 ns
        ==> throughput: 87.8139 MFLOP/s
---
n=2750 h=2048 nr=20

BlockHisto deltaT(ns): 688874 ns for 20 ops 
        ==> each op takes 34443 ns
        ==> throughput: 79.8404 MFLOP/s

GlobalHisto deltaT(ns): 216720 ns for 20 ops 
        ==> each op takes 10836 ns
        ==> throughput: 253.784 MFLOP/s

SerialHisto deltaT(ns): 602029 ns for 20 ops 
        ==> each op takes 30101 ns
        ==> throughput: 91.3577 MFLOP/s
---
n=3000 h=2048 nr=20

BlockHisto deltaT(ns): 694057 ns for 20 ops 
        ==> each op takes 34702 ns
        ==> throughput: 86.4482 MFLOP/s

GlobalHisto deltaT(ns): 213717 ns for 20 ops 
        ==> each op takes 10685 ns
        ==> throughput: 280.745 MFLOP/s

SerialHisto deltaT(ns): 656010 ns for 20 ops 
        ==> each op takes 32800 ns
        ==> throughput: 91.462 MFLOP/s
---
n=3250 h=2048 nr=20

BlockHisto deltaT(ns): 692861 ns for 20 ops 
        ==> each op takes 34643 ns
        ==> throughput: 93.8139 MFLOP/s

GlobalHisto deltaT(ns): 221870 ns for 20 ops 
        ==> each op takes 11093 ns
        ==> throughput: 292.964 MFLOP/s

SerialHisto deltaT(ns): 756610 ns for 20 ops 
        ==> each op takes 37830 ns
        ==> throughput: 85.9095 MFLOP/s
---
n=3500 h=2048 nr=20

BlockHisto deltaT(ns): 688860 ns for 20 ops 
        ==> each op takes 34443 ns
        ==> throughput: 101.617 MFLOP/s

GlobalHisto deltaT(ns): 223116 ns for 20 ops 
        ==> each op takes 11155 ns
        ==> throughput: 313.738 MFLOP/s

SerialHisto deltaT(ns): 735207 ns for 20 ops 
        ==> each op takes 36760 ns
        ==> throughput: 95.2113 MFLOP/s
---
n=3750 h=2048 nr=20

BlockHisto deltaT(ns): 690166 ns for 20 ops 
        ==> each op takes 34508 ns
        ==> throughput: 108.67 MFLOP/s

GlobalHisto deltaT(ns): 219179 ns for 20 ops 
        ==> each op takes 10958 ns
        ==> throughput: 342.186 MFLOP/s

SerialHisto deltaT(ns): 785118 ns for 20 ops 
        ==> each op takes 39255 ns
        ==> throughput: 95.527 MFLOP/s
---
n=4000 h=2048 nr=20

BlockHisto deltaT(ns): 692433 ns for 20 ops 
        ==> each op takes 34621 ns
        ==> throughput: 115.535 MFLOP/s

GlobalHisto deltaT(ns): 196846 ns for 20 ops 
        ==> each op takes 9842 ns
        ==> throughput: 406.409 MFLOP/s

SerialHisto deltaT(ns): 814990 ns for 20 ops 
        ==> each op takes 40749 ns
        ==> throughput: 98.1607 MFLOP/s
---
n=4250 h=2048 nr=20

BlockHisto deltaT(ns): 691364 ns for 20 ops 
        ==> each op takes 34568 ns
        ==> throughput: 122.945 MFLOP/s

GlobalHisto deltaT(ns): 222809 ns for 20 ops 
        ==> each op takes 11140 ns
        ==> throughput: 381.493 MFLOP/s

SerialHisto deltaT(ns): 874827 ns for 20 ops 
        ==> each op takes 43741 ns
        ==> throughput: 97.1621 MFLOP/s
---
n=4500 h=2048 nr=20

BlockHisto deltaT(ns): 692554 ns for 20 ops 
        ==> each op takes 34627 ns
        ==> throughput: 129.954 MFLOP/s

GlobalHisto deltaT(ns): 219969 ns for 20 ops 
        ==> each op takes 10998 ns
        ==> throughput: 409.149 MFLOP/s

SerialHisto deltaT(ns): 925243 ns for 20 ops 
        ==> each op takes 46262 ns
        ==> throughput: 97.2717 MFLOP/s
---
n=4750 h=2048 nr=20

BlockHisto deltaT(ns): 691766 ns for 20 ops 
        ==> each op takes 34588 ns
        ==> throughput: 137.33 MFLOP/s

GlobalHisto deltaT(ns): 224244 ns for 20 ops 
        ==> each op takes 11212 ns
        ==> throughput: 423.646 MFLOP/s

SerialHisto deltaT(ns): 981527 ns for 20 ops 
        ==> each op takes 49076 ns
        ==> throughput: 96.788 MFLOP/s
---
n=5000 h=2048 nr=20

BlockHisto deltaT(ns): 692512 ns for 20 ops 
        ==> each op takes 34625 ns
        ==> throughput: 144.402 MFLOP/s

GlobalHisto deltaT(ns): 219490 ns for 20 ops 
        ==> each op takes 10974 ns
        ==> throughput: 455.602 MFLOP/s

SerialHisto deltaT(ns): 1002712 ns for 20 ops 
        ==> each op takes 50135 ns
        ==> throughput: 99.7295 MFLOP/s
---
n=5500 h=2048 nr=20

BlockHisto deltaT(ns): 692791 ns for 20 ops 
        ==> each op takes 34639 ns
        ==> throughput: 158.778 MFLOP/s

GlobalHisto deltaT(ns): 223239 ns for 20 ops 
        ==> each op takes 11161 ns
        ==> throughput: 492.745 MFLOP/s

SerialHisto deltaT(ns): 1082612 ns for 20 ops 
        ==> each op takes 54130 ns
        ==> throughput: 101.606 MFLOP/s
---
n=6000 h=2048 nr=20

BlockHisto deltaT(ns): 693357 ns for 20 ops 
        ==> each op takes 34667 ns
        ==> throughput: 173.071 MFLOP/s

GlobalHisto deltaT(ns): 221141 ns for 20 ops 
        ==> each op takes 11057 ns
        ==> throughput: 542.64 MFLOP/s

SerialHisto deltaT(ns): 1185247 ns for 20 ops 
        ==> each op takes 59262 ns
        ==> throughput: 101.245 MFLOP/s
---
n=6500 h=2048 nr=20

BlockHisto deltaT(ns): 693114 ns for 20 ops 
        ==> each op takes 34655 ns
        ==> throughput: 187.559 MFLOP/s

GlobalHisto deltaT(ns): 223424 ns for 20 ops 
        ==> each op takes 11171 ns
        ==> throughput: 581.853 MFLOP/s

SerialHisto deltaT(ns): 1284169 ns for 20 ops 
        ==> each op takes 64208 ns
        ==> throughput: 101.233 MFLOP/s
---
n=7000 h=2048 nr=20

BlockHisto deltaT(ns): 693348 ns for 20 ops 
        ==> each op takes 34667 ns
        ==> throughput: 201.919 MFLOP/s

GlobalHisto deltaT(ns): 205821 ns for 20 ops 
        ==> each op takes 10291 ns
        ==> throughput: 680.203 MFLOP/s

SerialHisto deltaT(ns): 1425774 ns for 20 ops 
        ==> each op takes 71288 ns
        ==> throughput: 98.1923 MFLOP/s
---
n=7500 h=2048 nr=20

BlockHisto deltaT(ns): 695075 ns for 20 ops 
        ==> each op takes 34753 ns
        ==> throughput: 215.804 MFLOP/s

GlobalHisto deltaT(ns): 225271 ns for 20 ops 
        ==> each op takes 11263 ns
        ==> throughput: 665.865 MFLOP/s

SerialHisto deltaT(ns): 1500511 ns for 20 ops 
        ==> each op takes 75025 ns
        ==> throughput: 99.9659 MFLOP/s
---
n=8000 h=2048 nr=20

BlockHisto deltaT(ns): 693940 ns for 20 ops 
        ==> each op takes 34697 ns
        ==> throughput: 230.567 MFLOP/s

GlobalHisto deltaT(ns): 224282 ns for 20 ops 
        ==> each op takes 11214 ns
        ==> throughput: 713.388 MFLOP/s

SerialHisto deltaT(ns): 1545208 ns for 20 ops 
        ==> each op takes 77260 ns
        ==> throughput: 103.546 MFLOP/s
---
n=8500 h=2048 nr=20

BlockHisto deltaT(ns): 696816 ns for 20 ops 
        ==> each op takes 34840 ns
        ==> throughput: 243.967 MFLOP/s

GlobalHisto deltaT(ns): 226145 ns for 20 ops 
        ==> each op takes 11307 ns
        ==> throughput: 751.73 MFLOP/s

SerialHisto deltaT(ns): 1627242 ns for 20 ops 
        ==> each op takes 81362 ns
        ==> throughput: 104.471 MFLOP/s
---
n=9000 h=2048 nr=20

BlockHisto deltaT(ns): 697184 ns for 20 ops 
        ==> each op takes 34859 ns
        ==> throughput: 258.181 MFLOP/s

GlobalHisto deltaT(ns): 220624 ns for 20 ops 
        ==> each op takes 11031 ns
        ==> throughput: 815.868 MFLOP/s

SerialHisto deltaT(ns): 1720803 ns for 20 ops 
        ==> each op takes 86040 ns
        ==> throughput: 104.602 MFLOP/s
---
n=9500 h=2048 nr=20

BlockHisto deltaT(ns): 698677 ns for 20 ops 
        ==> each op takes 34933 ns
        ==> throughput: 271.943 MFLOP/s

GlobalHisto deltaT(ns): 223090 ns for 20 ops 
        ==> each op takes 11154 ns
        ==> throughput: 851.674 MFLOP/s

SerialHisto deltaT(ns): 3086167 ns for 20 ops 
        ==> each op takes 154308 ns
        ==> throughput: 61.565 MFLOP/s
---
n=10000 h=2048 nr=20

BlockHisto deltaT(ns): 696767 ns for 20 ops 
        ==> each op takes 34838 ns
        ==> throughput: 287.04 MFLOP/s

GlobalHisto deltaT(ns): 228542 ns for 20 ops 
        ==> each op takes 11427 ns
        ==> throughput: 875.113 MFLOP/s

SerialHisto deltaT(ns): 1900304 ns for 20 ops 
        ==> each op takes 95015 ns
        ==> throughput: 105.246 MFLOP/s
---
n=11000 h=2048 nr=20

BlockHisto deltaT(ns): 696464 ns for 20 ops 
        ==> each op takes 34823 ns
        ==> throughput: 315.881 MFLOP/s

GlobalHisto deltaT(ns): 220891 ns for 20 ops 
        ==> each op takes 11044 ns
        ==> throughput: 995.966 MFLOP/s

SerialHisto deltaT(ns): 2054648 ns for 20 ops 
        ==> each op takes 102732 ns
        ==> throughput: 107.074 MFLOP/s
---
n=12000 h=2048 nr=20

BlockHisto deltaT(ns): 696957 ns for 20 ops 
        ==> each op takes 34847 ns
        ==> throughput: 344.354 MFLOP/s

GlobalHisto deltaT(ns): 225080 ns for 20 ops 
        ==> each op takes 11254 ns
        ==> throughput: 1066.29 MFLOP/s

SerialHisto deltaT(ns): 2258709 ns for 20 ops 
        ==> each op takes 112935 ns
        ==> throughput: 106.255 MFLOP/s
---
n=13000 h=2048 nr=20

BlockHisto deltaT(ns): 700458 ns for 20 ops 
        ==> each op takes 35022 ns
        ==> throughput: 371.186 MFLOP/s

GlobalHisto deltaT(ns): 363725 ns for 20 ops 
        ==> each op takes 18186 ns
        ==> throughput: 714.826 MFLOP/s

SerialHisto deltaT(ns): 2409067 ns for 20 ops 
        ==> each op takes 120453 ns
        ==> throughput: 107.926 MFLOP/s
---
n=14000 h=2048 nr=20

BlockHisto deltaT(ns): 698456 ns for 20 ops 
        ==> each op takes 34922 ns
        ==> throughput: 400.884 MFLOP/s

GlobalHisto deltaT(ns): 221477 ns for 20 ops 
        ==> each op takes 11073 ns
        ==> throughput: 1264.24 MFLOP/s

SerialHisto deltaT(ns): 2690468 ns for 20 ops 
        ==> each op takes 134523 ns
        ==> throughput: 104.071 MFLOP/s
---
n=15000 h=2048 nr=20

BlockHisto deltaT(ns): 701190 ns for 20 ops 
        ==> each op takes 35059 ns
        ==> throughput: 427.844 MFLOP/s

GlobalHisto deltaT(ns): 217549 ns for 20 ops 
        ==> each op takes 10877 ns
        ==> throughput: 1379 MFLOP/s

SerialHisto deltaT(ns): 2838047 ns for 20 ops 
        ==> each op takes 141902 ns
        ==> throughput: 105.706 MFLOP/s
---
n=16000 h=2048 nr=20

BlockHisto deltaT(ns): 699028 ns for 20 ops 
        ==> each op takes 34951 ns
        ==> throughput: 457.779 MFLOP/s

GlobalHisto deltaT(ns): 226946 ns for 20 ops 
        ==> each op takes 11347 ns
        ==> throughput: 1410.03 MFLOP/s

SerialHisto deltaT(ns): 2968906 ns for 20 ops 
        ==> each op takes 148445 ns
        ==> throughput: 107.784 MFLOP/s
---
n=17000 h=2048 nr=20

BlockHisto deltaT(ns): 701432 ns for 20 ops 
        ==> each op takes 35071 ns
        ==> throughput: 484.723 MFLOP/s

GlobalHisto deltaT(ns): 215096 ns for 20 ops 
        ==> each op takes 10754 ns
        ==> throughput: 1580.69 MFLOP/s

SerialHisto deltaT(ns): 3162461 ns for 20 ops 
        ==> each op takes 158123 ns
        ==> throughput: 107.511 MFLOP/s
---
n=18000 h=2048 nr=20

BlockHisto deltaT(ns): 704515 ns for 20 ops 
        ==> each op takes 35225 ns
        ==> throughput: 510.99 MFLOP/s

GlobalHisto deltaT(ns): 216277 ns for 20 ops 
        ==> each op takes 10813 ns
        ==> throughput: 1664.53 MFLOP/s

SerialHisto deltaT(ns): 3344618 ns for 20 ops 
        ==> each op takes 167230 ns
        ==> throughput: 107.636 MFLOP/s
---
n=19000 h=2048 nr=20

BlockHisto deltaT(ns): 697270 ns for 20 ops 
        ==> each op takes 34863 ns
        ==> throughput: 544.983 MFLOP/s

GlobalHisto deltaT(ns): 218630 ns for 20 ops 
        ==> each op takes 10931 ns
        ==> throughput: 1738.1 MFLOP/s

SerialHisto deltaT(ns): 3536134 ns for 20 ops 
        ==> each op takes 176806 ns
        ==> throughput: 107.462 MFLOP/s
---
n=20000 h=2048 nr=20

BlockHisto deltaT(ns): 702545 ns for 20 ops 
        ==> each op takes 35127 ns
        ==> throughput: 569.359 MFLOP/s

GlobalHisto deltaT(ns): 199342 ns for 20 ops 
        ==> each op takes 9967 ns
        ==> throughput: 2006.6 MFLOP/s

SerialHisto deltaT(ns): 3736020 ns for 20 ops 
        ==> each op takes 186801 ns
        ==> throughput: 107.066 MFLOP/s
---
n=21000 h=2048 nr=20

BlockHisto deltaT(ns): 705941 ns for 20 ops 
        ==> each op takes 35297 ns
        ==> throughput: 594.951 MFLOP/s

GlobalHisto deltaT(ns): 217926 ns for 20 ops 
        ==> each op takes 10896 ns
        ==> throughput: 1927.26 MFLOP/s

SerialHisto deltaT(ns): 3910011 ns for 20 ops 
        ==> each op takes 195500 ns
        ==> throughput: 107.417 MFLOP/s
---
n=22000 h=2048 nr=20

BlockHisto deltaT(ns): 704342 ns for 20 ops 
        ==> each op takes 35217 ns
        ==> throughput: 624.697 MFLOP/s

GlobalHisto deltaT(ns): 218578 ns for 20 ops 
        ==> each op takes 10928 ns
        ==> throughput: 2013.01 MFLOP/s

SerialHisto deltaT(ns): 4060474 ns for 20 ops 
        ==> each op takes 203023 ns
        ==> throughput: 108.362 MFLOP/s
---
n=23000 h=2048 nr=20

BlockHisto deltaT(ns): 705128 ns for 20 ops 
        ==> each op takes 35256 ns
        ==> throughput: 652.364 MFLOP/s

GlobalHisto deltaT(ns): 206959 ns for 20 ops 
        ==> each op takes 10347 ns
        ==> throughput: 2222.66 MFLOP/s

SerialHisto deltaT(ns): 4218799 ns for 20 ops 
        ==> each op takes 210939 ns
        ==> throughput: 109.036 MFLOP/s
---
n=24000 h=2048 nr=20

BlockHisto deltaT(ns): 706872 ns for 20 ops 
        ==> each op takes 35343 ns
        ==> throughput: 679.048 MFLOP/s

GlobalHisto deltaT(ns): 218032 ns for 20 ops 
        ==> each op takes 10901 ns
        ==> throughput: 2201.51 MFLOP/s

SerialHisto deltaT(ns): 4367546 ns for 20 ops 
        ==> each op takes 218377 ns
        ==> throughput: 109.902 MFLOP/s
---
n=25000 h=2048 nr=20

BlockHisto deltaT(ns): 710055 ns for 20 ops 
        ==> each op takes 35502 ns
        ==> throughput: 704.171 MFLOP/s

GlobalHisto deltaT(ns): 215122 ns for 20 ops 
        ==> each op takes 10756 ns
        ==> throughput: 2324.26 MFLOP/s

SerialHisto deltaT(ns): 4660706 ns for 20 ops 
        ==> each op takes 233035 ns
        ==> throughput: 107.28 MFLOP/s
---
n=26000 h=2048 nr=20

BlockHisto deltaT(ns): 708611 ns for 20 ops 
        ==> each op takes 35430 ns
        ==> throughput: 733.83 MFLOP/s

GlobalHisto deltaT(ns): 224111 ns for 20 ops 
        ==> each op takes 11205 ns
        ==> throughput: 2320.28 MFLOP/s

SerialHisto deltaT(ns): 4736456 ns for 20 ops 
        ==> each op takes 236822 ns
        ==> throughput: 109.787 MFLOP/s
---
n=27000 h=2048 nr=20

BlockHisto deltaT(ns): 707488 ns for 20 ops 
        ==> each op takes 35374 ns
        ==> throughput: 763.264 MFLOP/s

GlobalHisto deltaT(ns): 216829 ns for 20 ops 
        ==> each op takes 10841 ns
        ==> throughput: 2490.44 MFLOP/s

SerialHisto deltaT(ns): 4883707 ns for 20 ops 
        ==> each op takes 244185 ns
        ==> throughput: 110.572 MFLOP/s
---
n=28000 h=2048 nr=20

BlockHisto deltaT(ns): 709525 ns for 20 ops 
        ==> each op takes 35476 ns
        ==> throughput: 789.26 MFLOP/s

GlobalHisto deltaT(ns): 225568 ns for 20 ops 
        ==> each op takes 11278 ns
        ==> throughput: 2482.62 MFLOP/s

SerialHisto deltaT(ns): 5129467 ns for 20 ops 
        ==> each op takes 256473 ns
        ==> throughput: 109.173 MFLOP/s
---
n=29000 h=2048 nr=20

BlockHisto deltaT(ns): 708188 ns for 20 ops 
        ==> each op takes 35409 ns
        ==> throughput: 818.992 MFLOP/s

GlobalHisto deltaT(ns): 224805 ns for 20 ops 
        ==> each op takes 11240 ns
        ==> throughput: 2580.01 MFLOP/s

SerialHisto deltaT(ns): 5103264 ns for 20 ops 
        ==> each op takes 255163 ns
        ==> throughput: 113.653 MFLOP/s
---
n=30000 h=2048 nr=20

BlockHisto deltaT(ns): 713601 ns for 20 ops 
        ==> each op takes 35680 ns
        ==> throughput: 840.806 MFLOP/s

GlobalHisto deltaT(ns): 218165 ns for 20 ops 
        ==> each op takes 10908 ns
        ==> throughput: 2750.21 MFLOP/s

SerialHisto deltaT(ns): 5426692 ns for 20 ops 
        ==> each op takes 271334 ns
        ==> throughput: 110.565 MFLOP/s
---
n=31000 h=2048 nr=20

BlockHisto deltaT(ns): 711139 ns for 20 ops 
        ==> each op takes 35556 ns
        ==> throughput: 871.841 MFLOP/s

GlobalHisto deltaT(ns): 222112 ns for 20 ops 
        ==> each op takes 11105 ns
        ==> throughput: 2791.38 MFLOP/s

SerialHisto deltaT(ns): 6060650 ns for 20 ops 
        ==> each op takes 303032 ns
        ==> throughput: 102.299 MFLOP/s
---
n=32000 h=2048 nr=20

BlockHisto deltaT(ns): 717825 ns for 20 ops 
        ==> each op takes 35891 ns
        ==> throughput: 891.582 MFLOP/s

GlobalHisto deltaT(ns): 208377 ns for 20 ops 
        ==> each op takes 10418 ns
        ==> throughput: 3071.36 MFLOP/s

SerialHisto deltaT(ns): 5809887 ns for 20 ops 
        ==> each op takes 290494 ns
        ==> throughput: 110.157 MFLOP/s
---
n=33000 h=2048 nr=20

BlockHisto deltaT(ns): 714002 ns for 20 ops 
        ==> each op takes 35700 ns
        ==> throughput: 924.367 MFLOP/s

GlobalHisto deltaT(ns): 218753 ns for 20 ops 
        ==> each op takes 10937 ns
        ==> throughput: 3017.1 MFLOP/s

SerialHisto deltaT(ns): 5944144 ns for 20 ops 
        ==> each op takes 297207 ns
        ==> throughput: 111.034 MFLOP/s
---
n=34000 h=2048 nr=20

BlockHisto deltaT(ns): 718037 ns for 20 ops 
        ==> each op takes 35901 ns
        ==> throughput: 947.026 MFLOP/s

GlobalHisto deltaT(ns): 216473 ns for 20 ops 
        ==> each op takes 10823 ns
        ==> throughput: 3141.27 MFLOP/s

SerialHisto deltaT(ns): 6169582 ns for 20 ops 
        ==> each op takes 308479 ns
        ==> throughput: 110.218 MFLOP/s
---
n=35000 h=2048 nr=20

BlockHisto deltaT(ns): 716819 ns for 20 ops 
        ==> each op takes 35840 ns
        ==> throughput: 976.537 MFLOP/s

GlobalHisto deltaT(ns): 221293 ns for 20 ops 
        ==> each op takes 11064 ns
        ==> throughput: 3163.23 MFLOP/s

SerialHisto deltaT(ns): 11059531 ns for 20 ops 
        ==> each op takes 552976 ns
        ==> throughput: 63.2938 MFLOP/s
---
n=36000 h=2048 nr=20

BlockHisto deltaT(ns): 714851 ns for 20 ops 
        ==> each op takes 35742 ns
        ==> throughput: 1007.2 MFLOP/s

GlobalHisto deltaT(ns): 225338 ns for 20 ops 
        ==> each op takes 11266 ns
        ==> throughput: 3195.2 MFLOP/s

SerialHisto deltaT(ns): 6596140 ns for 20 ops 
        ==> each op takes 329807 ns
        ==> throughput: 109.155 MFLOP/s
---
n=37000 h=2048 nr=20

BlockHisto deltaT(ns): 717080 ns for 20 ops 
        ==> each op takes 35854 ns
        ==> throughput: 1031.96 MFLOP/s

GlobalHisto deltaT(ns): 218581 ns for 20 ops 
        ==> each op takes 10929 ns
        ==> throughput: 3385.47 MFLOP/s

SerialHisto deltaT(ns): 6743148 ns for 20 ops 
        ==> each op takes 337157 ns
        ==> throughput: 109.741 MFLOP/s
---
n=38000 h=2048 nr=20

BlockHisto deltaT(ns): 720330 ns for 20 ops 
        ==> each op takes 36016 ns
        ==> throughput: 1055.07 MFLOP/s

GlobalHisto deltaT(ns): 217862 ns for 20 ops 
        ==> each op takes 10893 ns
        ==> throughput: 3488.45 MFLOP/s

SerialHisto deltaT(ns): 7476536 ns for 20 ops 
        ==> each op takes 373826 ns
        ==> throughput: 101.651 MFLOP/s
---
n=39000 h=2048 nr=20

BlockHisto deltaT(ns): 719731 ns for 20 ops 
        ==> each op takes 35986 ns
        ==> throughput: 1083.74 MFLOP/s

GlobalHisto deltaT(ns): 219093 ns for 20 ops 
        ==> each op takes 10954 ns
        ==> throughput: 3560.13 MFLOP/s

SerialHisto deltaT(ns): 7164888 ns for 20 ops 
        ==> each op takes 358244 ns
        ==> throughput: 108.864 MFLOP/s
---
n=40000 h=2048 nr=20

BlockHisto deltaT(ns): 719228 ns for 20 ops 
        ==> each op takes 35961 ns
        ==> throughput: 1112.3 MFLOP/s

GlobalHisto deltaT(ns): 223890 ns for 20 ops 
        ==> each op takes 11194 ns
        ==> throughput: 3573.18 MFLOP/s

SerialHisto deltaT(ns): 7146770 ns for 20 ops 
        ==> each op takes 357338 ns
        ==> throughput: 111.939 MFLOP/s
---
n=41000 h=2048 nr=20

BlockHisto deltaT(ns): 718539 ns for 20 ops 
        ==> each op takes 35926 ns
        ==> throughput: 1141.2 MFLOP/s

GlobalHisto deltaT(ns): 224236 ns for 20 ops 
        ==> each op takes 11211 ns
        ==> throughput: 3656.86 MFLOP/s

SerialHisto deltaT(ns): 7495862 ns for 20 ops 
        ==> each op takes 374793 ns
        ==> throughput: 109.394 MFLOP/s
---
n=42000 h=2048 nr=20

BlockHisto deltaT(ns): 721654 ns for 20 ops 
        ==> each op takes 36082 ns
        ==> throughput: 1163.99 MFLOP/s

GlobalHisto deltaT(ns): 219433 ns for 20 ops 
        ==> each op takes 10971 ns
        ==> throughput: 3828.05 MFLOP/s

SerialHisto deltaT(ns): 7586120 ns for 20 ops 
        ==> each op takes 379306 ns
        ==> throughput: 110.729 MFLOP/s
---
n=43000 h=2048 nr=20

BlockHisto deltaT(ns): 719782 ns for 20 ops 
        ==> each op takes 35989 ns
        ==> throughput: 1194.81 MFLOP/s

GlobalHisto deltaT(ns): 216018 ns for 20 ops 
        ==> each op takes 10800 ns
        ==> throughput: 3981.15 MFLOP/s

SerialHisto deltaT(ns): 7830298 ns for 20 ops 
        ==> each op takes 391514 ns
        ==> throughput: 109.83 MFLOP/s
---
n=44000 h=2048 nr=20

BlockHisto deltaT(ns): 725835 ns for 20 ops 
        ==> each op takes 36291 ns
        ==> throughput: 1212.4 MFLOP/s

GlobalHisto deltaT(ns): 227124 ns for 20 ops 
        ==> each op takes 11356 ns
        ==> throughput: 3874.54 MFLOP/s

SerialHisto deltaT(ns): 8067231 ns for 20 ops 
        ==> each op takes 403361 ns
        ==> throughput: 109.083 MFLOP/s
---
n=45000 h=2048 nr=20

BlockHisto deltaT(ns): 722596 ns for 20 ops 
        ==> each op takes 36129 ns
        ==> throughput: 1245.51 MFLOP/s

GlobalHisto deltaT(ns): 224995 ns for 20 ops 
        ==> each op takes 11249 ns
        ==> throughput: 4000.09 MFLOP/s

SerialHisto deltaT(ns): 8201920 ns for 20 ops 
        ==> each op takes 410096 ns
        ==> throughput: 109.73 MFLOP/s
---
n=46000 h=2048 nr=20

BlockHisto deltaT(ns): 723671 ns for 20 ops 
        ==> each op takes 36183 ns
        ==> throughput: 1271.3 MFLOP/s

GlobalHisto deltaT(ns): 216566 ns for 20 ops 
        ==> each op takes 10828 ns
        ==> throughput: 4248.13 MFLOP/s

SerialHisto deltaT(ns): 8519037 ns for 20 ops 
        ==> each op takes 425951 ns
        ==> throughput: 107.993 MFLOP/s
---
n=47000 h=2048 nr=20

BlockHisto deltaT(ns): 722791 ns for 20 ops 
        ==> each op takes 36139 ns
        ==> throughput: 1300.51 MFLOP/s

GlobalHisto deltaT(ns): 225465 ns for 20 ops 
        ==> each op takes 11273 ns
        ==> throughput: 4169.16 MFLOP/s

SerialHisto deltaT(ns): 8423860 ns for 20 ops 
        ==> each op takes 421193 ns
        ==> throughput: 111.588 MFLOP/s
---
n=48000 h=2048 nr=20

BlockHisto deltaT(ns): 725849 ns for 20 ops 
        ==> each op takes 36292 ns
        ==> throughput: 1322.59 MFLOP/s

GlobalHisto deltaT(ns): 227027 ns for 20 ops 
        ==> each op takes 11351 ns
        ==> throughput: 4228.57 MFLOP/s

SerialHisto deltaT(ns): 8620030 ns for 20 ops 
        ==> each op takes 431001 ns
        ==> throughput: 111.369 MFLOP/s
---
n=49000 h=2048 nr=20

BlockHisto deltaT(ns): 727077 ns for 20 ops 
        ==> each op takes 36353 ns
        ==> throughput: 1347.86 MFLOP/s

GlobalHisto deltaT(ns): 223024 ns for 20 ops 
        ==> each op takes 11151 ns
        ==> throughput: 4394.15 MFLOP/s

SerialHisto deltaT(ns): 8766720 ns for 20 ops 
        ==> each op takes 438336 ns
        ==> throughput: 111.786 MFLOP/s
---
n=50000 h=2048 nr=20

BlockHisto deltaT(ns): 727244 ns for 20 ops 
        ==> each op takes 36362 ns
        ==> throughput: 1375.05 MFLOP/s

GlobalHisto deltaT(ns): 223811 ns for 20 ops 
        ==> each op takes 11190 ns
        ==> throughput: 4468.06 MFLOP/s

SerialHisto deltaT(ns): 10400023 ns for 20 ops 
        ==> each op takes 520001 ns
        ==> throughput: 96.1536 MFLOP/s
---
n=52000 h=2048 nr=20

BlockHisto deltaT(ns): 727808 ns for 20 ops 
        ==> each op takes 36390 ns
        ==> throughput: 1428.95 MFLOP/s

GlobalHisto deltaT(ns): 224849 ns for 20 ops 
        ==> each op takes 11242 ns
        ==> throughput: 4625.33 MFLOP/s

SerialHisto deltaT(ns): 9453668 ns for 20 ops 
        ==> each op takes 472683 ns
        ==> throughput: 110.01 MFLOP/s
---
n=54000 h=2048 nr=20

BlockHisto deltaT(ns): 730467 ns for 20 ops 
        ==> each op takes 36523 ns
        ==> throughput: 1478.51 MFLOP/s

GlobalHisto deltaT(ns): 227430 ns for 20 ops 
        ==> each op takes 11371 ns
        ==> throughput: 4748.71 MFLOP/s

SerialHisto deltaT(ns): 9850966 ns for 20 ops 
        ==> each op takes 492548 ns
        ==> throughput: 109.634 MFLOP/s
---
n=56000 h=2048 nr=20

BlockHisto deltaT(ns): 731454 ns for 20 ops 
        ==> each op takes 36572 ns
        ==> throughput: 1531.2 MFLOP/s

GlobalHisto deltaT(ns): 219437 ns for 20 ops 
        ==> each op takes 10971 ns
        ==> throughput: 5103.97 MFLOP/s

SerialHisto deltaT(ns): 10256368 ns for 20 ops 
        ==> each op takes 512818 ns
        ==> throughput: 109.2 MFLOP/s
---
n=58000 h=2048 nr=20

BlockHisto deltaT(ns): 734292 ns for 20 ops 
        ==> each op takes 36714 ns
        ==> throughput: 1579.75 MFLOP/s

GlobalHisto deltaT(ns): 219323 ns for 20 ops 
        ==> each op takes 10966 ns
        ==> throughput: 5289 MFLOP/s

SerialHisto deltaT(ns): 10443045 ns for 20 ops 
        ==> each op takes 522152 ns
        ==> throughput: 111.079 MFLOP/s
---
n=60000 h=2048 nr=20

BlockHisto deltaT(ns): 731483 ns for 20 ops 
        ==> each op takes 36574 ns
        ==> throughput: 1640.5 MFLOP/s

GlobalHisto deltaT(ns): 223480 ns for 20 ops 
        ==> each op takes 11174 ns
        ==> throughput: 5369.61 MFLOP/s

SerialHisto deltaT(ns): 11103792 ns for 20 ops 
        ==> each op takes 555189 ns
        ==> throughput: 108.071 MFLOP/s
---
n=62000 h=2048 nr=20

BlockHisto deltaT(ns): 737614 ns for 20 ops 
        ==> each op takes 36880 ns
        ==> throughput: 1681.1 MFLOP/s

GlobalHisto deltaT(ns): 220958 ns for 20 ops 
        ==> each op takes 11047 ns
        ==> throughput: 5611.93 MFLOP/s

SerialHisto deltaT(ns): 11077103 ns for 20 ops 
        ==> each op takes 553855 ns
        ==> throughput: 111.943 MFLOP/s
---
n=64000 h=2048 nr=20

BlockHisto deltaT(ns): 736746 ns for 20 ops 
        ==> each op takes 36837 ns
        ==> throughput: 1737.37 MFLOP/s

GlobalHisto deltaT(ns): 226994 ns for 20 ops 
        ==> each op takes 11349 ns
        ==> throughput: 5638.92 MFLOP/s

SerialHisto deltaT(ns): 11567965 ns for 20 ops 
        ==> each op takes 578398 ns
        ==> throughput: 110.65 MFLOP/s
---
n=66000 h=2048 nr=20

BlockHisto deltaT(ns): 741053 ns for 20 ops 
        ==> each op takes 37052 ns
        ==> throughput: 1781.25 MFLOP/s

GlobalHisto deltaT(ns): 227896 ns for 20 ops 
        ==> each op takes 11394 ns
        ==> throughput: 5792.12 MFLOP/s

SerialHisto deltaT(ns): 11858763 ns for 20 ops 
        ==> each op takes 592938 ns
        ==> throughput: 111.31 MFLOP/s
---
n=68000 h=2048 nr=20

BlockHisto deltaT(ns): 740340 ns for 20 ops 
        ==> each op takes 37017 ns
        ==> throughput: 1836.99 MFLOP/s

GlobalHisto deltaT(ns): 219530 ns for 20 ops 
        ==> each op takes 10976 ns
        ==> throughput: 6195.05 MFLOP/s

SerialHisto deltaT(ns): 12611227 ns for 20 ops 
        ==> each op takes 630561 ns
        ==> throughput: 107.84 MFLOP/s
---
n=70000 h=2048 nr=20

BlockHisto deltaT(ns): 738446 ns for 20 ops 
        ==> each op takes 36922 ns
        ==> throughput: 1895.87 MFLOP/s

GlobalHisto deltaT(ns): 219787 ns for 20 ops 
        ==> each op takes 10989 ns
        ==> throughput: 6369.8 MFLOP/s

SerialHisto deltaT(ns): 12679057 ns for 20 ops 
        ==> each op takes 633952 ns
        ==> throughput: 110.418 MFLOP/s
---
n=72000 h=2048 nr=20

BlockHisto deltaT(ns): 739734 ns for 20 ops 
        ==> each op takes 36986 ns
        ==> throughput: 1946.65 MFLOP/s

GlobalHisto deltaT(ns): 217564 ns for 20 ops 
        ==> each op takes 10878 ns
        ==> throughput: 6618.74 MFLOP/s

SerialHisto deltaT(ns): 12928194 ns for 20 ops 
        ==> each op takes 646409 ns
        ==> throughput: 111.384 MFLOP/s
---
n=74000 h=2048 nr=20

BlockHisto deltaT(ns): 739914 ns for 20 ops 
        ==> each op takes 36995 ns
        ==> throughput: 2000.23 MFLOP/s

GlobalHisto deltaT(ns): 227155 ns for 20 ops 
        ==> each op takes 11357 ns
        ==> throughput: 6515.37 MFLOP/s

SerialHisto deltaT(ns): 13846376 ns for 20 ops 
        ==> each op takes 692318 ns
        ==> throughput: 106.887 MFLOP/s
---
n=76000 h=2048 nr=20

BlockHisto deltaT(ns): 740492 ns for 20 ops 
        ==> each op takes 37024 ns
        ==> throughput: 2052.69 MFLOP/s

GlobalHisto deltaT(ns): 218827 ns for 20 ops 
        ==> each op takes 10941 ns
        ==> throughput: 6946.13 MFLOP/s

SerialHisto deltaT(ns): 13672499 ns for 20 ops 
        ==> each op takes 683624 ns
        ==> throughput: 111.172 MFLOP/s
---
n=78000 h=2048 nr=20

BlockHisto deltaT(ns): 742170 ns for 20 ops 
        ==> each op takes 37108 ns
        ==> throughput: 2101.94 MFLOP/s

GlobalHisto deltaT(ns): 223487 ns for 20 ops 
        ==> each op takes 11174 ns
        ==> throughput: 6980.27 MFLOP/s

SerialHisto deltaT(ns): 13938368 ns for 20 ops 
        ==> each op takes 696918 ns
        ==> throughput: 111.921 MFLOP/s
---
n=80000 h=2048 nr=20

BlockHisto deltaT(ns): 746207 ns for 20 ops 
        ==> each op takes 37310 ns
        ==> throughput: 2144.18 MFLOP/s

GlobalHisto deltaT(ns): 227983 ns for 20 ops 
        ==> each op takes 11399 ns
        ==> throughput: 7018.07 MFLOP/s

SerialHisto deltaT(ns): 17572044 ns for 20 ops 
        ==> each op takes 878602 ns
        ==> throughput: 91.0537 MFLOP/s
---
n=82000 h=2048 nr=20

BlockHisto deltaT(ns): 746490 ns for 20 ops 
        ==> each op takes 37324 ns
        ==> throughput: 2196.95 MFLOP/s

GlobalHisto deltaT(ns): 221914 ns for 20 ops 
        ==> each op takes 11095 ns
        ==> throughput: 7390.25 MFLOP/s

SerialHisto deltaT(ns): 14986273 ns for 20 ops 
        ==> each op takes 749313 ns
        ==> throughput: 109.433 MFLOP/s
---
n=84000 h=2048 nr=20

BlockHisto deltaT(ns): 747717 ns for 20 ops 
        ==> each op takes 37385 ns
        ==> throughput: 2246.84 MFLOP/s

GlobalHisto deltaT(ns): 221870 ns for 20 ops 
        ==> each op takes 11093 ns
        ==> throughput: 7572 MFLOP/s

SerialHisto deltaT(ns): 15090739 ns for 20 ops 
        ==> each op takes 754536 ns
        ==> throughput: 111.327 MFLOP/s
---
n=86000 h=2048 nr=20

BlockHisto deltaT(ns): 748383 ns for 20 ops 
        ==> each op takes 37419 ns
        ==> throughput: 2298.29 MFLOP/s

GlobalHisto deltaT(ns): 225642 ns for 20 ops 
        ==> each op takes 11282 ns
        ==> throughput: 7622.69 MFLOP/s

SerialHisto deltaT(ns): 15553889 ns for 20 ops 
        ==> each op takes 777694 ns
        ==> throughput: 110.583 MFLOP/s
---
n=88000 h=2048 nr=20

BlockHisto deltaT(ns): 749923 ns for 20 ops 
        ==> each op takes 37496 ns
        ==> throughput: 2346.91 MFLOP/s

GlobalHisto deltaT(ns): 221510 ns for 20 ops 
        ==> each op takes 11075 ns
        ==> throughput: 7945.47 MFLOP/s

SerialHisto deltaT(ns): 15815562 ns for 20 ops 
        ==> each op takes 790778 ns
        ==> throughput: 111.283 MFLOP/s
---
n=90000 h=2048 nr=20

BlockHisto deltaT(ns): 751689 ns for 20 ops 
        ==> each op takes 37584 ns
        ==> throughput: 2394.61 MFLOP/s

GlobalHisto deltaT(ns): 225095 ns for 20 ops 
        ==> each op takes 11254 ns
        ==> throughput: 7996.62 MFLOP/s

SerialHisto deltaT(ns): 16132666 ns for 20 ops 
        ==> each op takes 806633 ns
        ==> throughput: 111.575 MFLOP/s
---
n=92000 h=2048 nr=20

BlockHisto deltaT(ns): 805552 ns for 20 ops 
        ==> each op takes 40277 ns
        ==> throughput: 2284.15 MFLOP/s

GlobalHisto deltaT(ns): 227154 ns for 20 ops 
        ==> each op takes 11357 ns
        ==> throughput: 8100.23 MFLOP/s

SerialHisto deltaT(ns): 16467855 ns for 20 ops 
        ==> each op takes 823392 ns
        ==> throughput: 111.733 MFLOP/s
---
n=94000 h=2048 nr=20

BlockHisto deltaT(ns): 760297 ns for 20 ops 
        ==> each op takes 38014 ns
        ==> throughput: 2472.72 MFLOP/s

GlobalHisto deltaT(ns): 222679 ns for 20 ops 
        ==> each op takes 11133 ns
        ==> throughput: 8442.65 MFLOP/s

SerialHisto deltaT(ns): 16837138 ns for 20 ops 
        ==> each op takes 841856 ns
        ==> throughput: 111.658 MFLOP/s
---
n=96000 h=2048 nr=20

BlockHisto deltaT(ns): 756212 ns for 20 ops 
        ==> each op takes 37810 ns
        ==> throughput: 2538.97 MFLOP/s

GlobalHisto deltaT(ns): 226031 ns for 20 ops 
        ==> each op takes 11301 ns
        ==> throughput: 8494.41 MFLOP/s

SerialHisto deltaT(ns): 17173227 ns for 20 ops 
        ==> each op takes 858661 ns
        ==> throughput: 111.802 MFLOP/s
---
n=98000 h=2048 nr=20

BlockHisto deltaT(ns): 758987 ns for 20 ops 
        ==> each op takes 37949 ns
        ==> throughput: 2582.39 MFLOP/s

GlobalHisto deltaT(ns): 227421 ns for 20 ops 
        ==> each op takes 11371 ns
        ==> throughput: 8618.38 MFLOP/s

SerialHisto deltaT(ns): 17910018 ns for 20 ops 
        ==> each op takes 895500 ns
        ==> throughput: 109.436 MFLOP/s
---
n=100000 h=2048 nr=20

BlockHisto deltaT(ns): 758215 ns for 20 ops 
        ==> each op takes 37910 ns
        ==> throughput: 2637.77 MFLOP/s

GlobalHisto deltaT(ns): 215734 ns for 20 ops 
        ==> each op takes 10786 ns
        ==> throughput: 9270.68 MFLOP/s

SerialHisto deltaT(ns): 17925668 ns for 20 ops 
        ==> each op takes 896283 ns
        ==> throughput: 111.572 MFLOP/s
---
n=200000 h=2048 nr=20

BlockHisto deltaT(ns): 837885 ns for 20 ops 
        ==> each op takes 41894 ns
        ==> throughput: 4773.92 MFLOP/s

GlobalHisto deltaT(ns): 233421 ns for 20 ops 
        ==> each op takes 11671 ns
        ==> throughput: 17136.4 MFLOP/s

SerialHisto deltaT(ns): 35853816 ns for 20 ops 
        ==> each op takes 1792690 ns
        ==> throughput: 111.564 MFLOP/s
---
n=300000 h=2048 nr=20

BlockHisto deltaT(ns): 865775 ns for 20 ops 
        ==> each op takes 43288 ns
        ==> throughput: 6930.21 MFLOP/s

GlobalHisto deltaT(ns): 259088 ns for 20 ops 
        ==> each op takes 12954 ns
        ==> throughput: 23158.2 MFLOP/s

SerialHisto deltaT(ns): 53434665 ns for 20 ops 
        ==> each op takes 2671733 ns
        ==> throughput: 112.287 MFLOP/s
---
n=400000 h=2048 nr=20

BlockHisto deltaT(ns): 829196 ns for 20 ops 
        ==> each op takes 41459 ns
        ==> throughput: 9647.9 MFLOP/s

GlobalHisto deltaT(ns): 273223 ns for 20 ops 
        ==> each op takes 13661 ns
        ==> throughput: 29280.1 MFLOP/s

SerialHisto deltaT(ns): 71299718 ns for 20 ops 
        ==> each op takes 3564985 ns
        ==> throughput: 112.202 MFLOP/s
---
n=500000 h=2048 nr=20

BlockHisto deltaT(ns): 911643 ns for 20 ops 
        ==> each op takes 45582 ns
        ==> throughput: 10969.2 MFLOP/s

GlobalHisto deltaT(ns): 279483 ns for 20 ops 
        ==> each op takes 13974 ns
        ==> throughput: 35780.4 MFLOP/s

SerialHisto deltaT(ns): 92345961 ns for 20 ops 
        ==> each op takes 4617298 ns
        ==> throughput: 108.288 MFLOP/s
---
n=600000 h=2048 nr=20

BlockHisto deltaT(ns): 910624 ns for 20 ops 
        ==> each op takes 45531 ns
        ==> throughput: 13177.8 MFLOP/s

GlobalHisto deltaT(ns): 309710 ns for 20 ops 
        ==> each op takes 15485 ns
        ==> throughput: 38745.9 MFLOP/s

SerialHisto deltaT(ns): 106623190 ns for 20 ops 
        ==> each op takes 5331159 ns
        ==> throughput: 112.546 MFLOP/s
---
n=700000 h=2048 nr=20

BlockHisto deltaT(ns): 968163 ns for 20 ops 
        ==> each op takes 48408 ns
        ==> throughput: 14460.4 MFLOP/s

GlobalHisto deltaT(ns): 329496 ns for 20 ops 
        ==> each op takes 16474 ns
        ==> throughput: 42489.1 MFLOP/s

SerialHisto deltaT(ns): 125289182 ns for 20 ops 
        ==> each op takes 6264459 ns
        ==> throughput: 111.741 MFLOP/s
---
n=800000 h=2048 nr=20

BlockHisto deltaT(ns): 1050462 ns for 20 ops 
        ==> each op takes 52523 ns
        ==> throughput: 15231.4 MFLOP/s

GlobalHisto deltaT(ns): 452829 ns for 20 ops 
        ==> each op takes 22641 ns
        ==> throughput: 35333.4 MFLOP/s

SerialHisto deltaT(ns): 141936530 ns for 20 ops 
        ==> each op takes 7096826 ns
        ==> throughput: 112.726 MFLOP/s
---
n=900000 h=2048 nr=20

BlockHisto deltaT(ns): 1030157 ns for 20 ops 
        ==> each op takes 51507 ns
        ==> throughput: 17473.1 MFLOP/s

GlobalHisto deltaT(ns): 484078 ns for 20 ops 
        ==> each op takes 24203 ns
        ==> throughput: 37184.1 MFLOP/s

SerialHisto deltaT(ns): 160317322 ns for 20 ops 
        ==> each op takes 8015866 ns
        ==> throughput: 112.277 MFLOP/s
---
n=1000000 h=2048 nr=20

BlockHisto deltaT(ns): 1079038 ns for 20 ops 
        ==> each op takes 53951 ns
        ==> throughput: 18535 MFLOP/s

GlobalHisto deltaT(ns): 494313 ns for 20 ops 
        ==> each op takes 24715 ns
        ==> throughput: 40460.2 MFLOP/s

SerialHisto deltaT(ns): 178201432 ns for 20 ops 
        ==> each op takes 8910071 ns
        ==> throughput: 112.233 MFLOP/s
---
n=1500000 h=2048 nr=20

BlockHisto deltaT(ns): 1182469 ns for 20 ops 
        ==> each op takes 59123 ns
        ==> throughput: 25370.6 MFLOP/s

GlobalHisto deltaT(ns): 638851 ns for 20 ops 
        ==> each op takes 31942 ns
        ==> throughput: 46959.3 MFLOP/s

SerialHisto deltaT(ns): 269717562 ns for 20 ops 
        ==> each op takes 13485878 ns
        ==> throughput: 111.227 MFLOP/s
---
n=2000000 h=2048 nr=20

BlockHisto deltaT(ns): 1280342 ns for 20 ops 
        ==> each op takes 64017 ns
        ==> throughput: 31241.7 MFLOP/s

GlobalHisto deltaT(ns): 795714 ns for 20 ops 
        ==> each op takes 39785 ns
        ==> throughput: 50269.3 MFLOP/s

SerialHisto deltaT(ns): 359586258 ns for 20 ops 
        ==> each op takes 17979312 ns
        ==> throughput: 111.239 MFLOP/s
---
n=3000000 h=2048 nr=20

BlockHisto deltaT(ns): 1519011 ns for 20 ops 
        ==> each op takes 75950 ns
        ==> throughput: 39499.4 MFLOP/s

GlobalHisto deltaT(ns): 993916 ns for 20 ops 
        ==> each op takes 49695 ns
        ==> throughput: 60367.3 MFLOP/s

SerialHisto deltaT(ns): 540802118 ns for 20 ops 
        ==> each op takes 27040105 ns
        ==> throughput: 110.946 MFLOP/s
---
n=4000000 h=2048 nr=20

BlockHisto deltaT(ns): 1775412 ns for 20 ops 
        ==> each op takes 88770 ns
        ==> throughput: 45060 MFLOP/s

GlobalHisto deltaT(ns): 1273510 ns for 20 ops 
        ==> each op takes 63675 ns
        ==> throughput: 62818.5 MFLOP/s

SerialHisto deltaT(ns): 716820976 ns for 20 ops 
        ==> each op takes 35841048 ns
        ==> throughput: 111.604 MFLOP/s
---
n=5000000 h=2048 nr=20

BlockHisto deltaT(ns): 2032353 ns for 20 ops 
        ==> each op takes 101617 ns
        ==> throughput: 49204.1 MFLOP/s

GlobalHisto deltaT(ns): 1495812 ns for 20 ops 
        ==> each op takes 74790 ns
        ==> throughput: 66853.3 MFLOP/s

SerialHisto deltaT(ns): 901753091 ns for 20 ops 
        ==> each op takes 45087654 ns
        ==> throughput: 110.895 MFLOP/s
---
n=7500000 h=2048 nr=20

BlockHisto deltaT(ns): 2582517 ns for 20 ops 
        ==> each op takes 129125 ns
        ==> throughput: 58082.9 MFLOP/s

GlobalHisto deltaT(ns): 2047100 ns for 20 ops 
        ==> each op takes 102355 ns
        ==> throughput: 73274.4 MFLOP/s

SerialHisto deltaT(ns): 1312313053 ns for 20 ops 
        ==> each op takes 65615652 ns
        ==> throughput: 114.302 MFLOP/s
---
n=10000000 h=2048 nr=20

BlockHisto deltaT(ns): 3268526 ns for 20 ops 
        ==> each op takes 163426 ns
        ==> throughput: 61189.7 MFLOP/s

GlobalHisto deltaT(ns): 2632111 ns for 20 ops 
        ==> each op takes 131605 ns
        ==> throughput: 75984.6 MFLOP/s

SerialHisto deltaT(ns): 1791966411 ns for 20 ops 
        ==> each op takes 89598320 ns
        ==> throughput: 111.609 MFLOP/s
---
n=15000000 h=2048 nr=20

BlockHisto deltaT(ns): 4380277 ns for 20 ops 
        ==> each op takes 219013 ns
        ==> throughput: 68488.8 MFLOP/s

GlobalHisto deltaT(ns): 4622681 ns for 20 ops 
        ==> each op takes 231134 ns
        ==> throughput: 64897.4 MFLOP/s

SerialHisto deltaT(ns): 2695607536 ns for 20 ops 
        ==> each op takes 134780376 ns
        ==> throughput: 111.292 MFLOP/s
---
n=20000000 h=2048 nr=20

BlockHisto deltaT(ns): 5620039 ns for 20 ops 
        ==> each op takes 281001 ns
        ==> throughput: 71173.9 MFLOP/s

GlobalHisto deltaT(ns): 5105402 ns for 20 ops 
        ==> each op takes 255270 ns
        ==> throughput: 78348.4 MFLOP/s

SerialHisto deltaT(ns): 3598324205 ns for 20 ops 
        ==> each op takes 179916210 ns
        ==> throughput: 111.163 MFLOP/s
---
n=25000000 h=2048 nr=20

BlockHisto deltaT(ns): 6827897 ns for 20 ops 
        ==> each op takes 341394 ns
        ==> throughput: 73229 MFLOP/s

GlobalHisto deltaT(ns): 6395387 ns for 20 ops 
        ==> each op takes 319769 ns
        ==> throughput: 78181.4 MFLOP/s

SerialHisto deltaT(ns): 4475333679 ns for 20 ops 
        ==> each op takes 223766683 ns
        ==> throughput: 111.724 MFLOP/s
---
n=30000000 h=2048 nr=20

BlockHisto deltaT(ns): 8155273 ns for 20 ops 
        ==> each op takes 407763 ns
        ==> throughput: 73572 MFLOP/s

GlobalHisto deltaT(ns): 7616832 ns for 20 ops 
        ==> each op takes 380841 ns
        ==> throughput: 78772.9 MFLOP/s

SerialHisto deltaT(ns): 5395180648 ns for 20 ops 
        ==> each op takes 269759032 ns
        ==> throughput: 111.21 MFLOP/s
---
n=35000000 h=2048 nr=20

BlockHisto deltaT(ns): 9469347 ns for 20 ops 
        ==> each op takes 473467 ns
        ==> throughput: 73922.7 MFLOP/s

GlobalHisto deltaT(ns): 8974673 ns for 20 ops 
        ==> each op takes 448733 ns
        ==> throughput: 77997.3 MFLOP/s

SerialHisto deltaT(ns): 6265856173 ns for 20 ops 
        ==> each op takes 313292808 ns
        ==> throughput: 111.717 MFLOP/s
---
n=40000000 h=2048 nr=20

BlockHisto deltaT(ns): 10777824 ns for 20 ops 
        ==> each op takes 538891 ns
        ==> throughput: 74226.5 MFLOP/s

GlobalHisto deltaT(ns): 10288962 ns for 20 ops 
        ==> each op takes 514448 ns
        ==> throughput: 77753.2 MFLOP/s

SerialHisto deltaT(ns): 7156893708 ns for 20 ops 
        ==> each op takes 357844685 ns
        ==> throughput: 111.78 MFLOP/s
---
n=45000000 h=2048 nr=20

BlockHisto deltaT(ns): 12129445 ns for 20 ops 
        ==> each op takes 606472 ns
        ==> throughput: 74199.6 MFLOP/s

GlobalHisto deltaT(ns): 11604945 ns for 20 ops 
        ==> each op takes 580247 ns
        ==> throughput: 77553.1 MFLOP/s

SerialHisto deltaT(ns): 8092355216 ns for 20 ops 
        ==> each op takes 404617760 ns
        ==> throughput: 111.216 MFLOP/s
---
n=50000000 h=2048 nr=20

BlockHisto deltaT(ns): 13505561 ns for 20 ops 
        ==> each op takes 675278 ns
        ==> throughput: 74043.6 MFLOP/s

GlobalHisto deltaT(ns): 12965161 ns for 20 ops 
        ==> each op takes 648258 ns
        ==> throughput: 77129.8 MFLOP/s

SerialHisto deltaT(ns): 8943617898 ns for 20 ops 
        ==> each op takes 447180894 ns
        ==> throughput: 111.812 MFLOP/s
---
n=55000000 h=2048 nr=20

BlockHisto deltaT(ns): 14643597 ns for 20 ops 
        ==> each op takes 732179 ns
        ==> throughput: 75118.2 MFLOP/s

GlobalHisto deltaT(ns): 14169436 ns for 20 ops 
        ==> each op takes 708471 ns
        ==> throughput: 77631.9 MFLOP/s

SerialHisto deltaT(ns): 9841489875 ns for 20 ops 
        ==> each op takes 492074493 ns
        ==> throughput: 111.772 MFLOP/s
---
n=60000000 h=2048 nr=20

BlockHisto deltaT(ns): 16049833 ns for 20 ops 
        ==> each op takes 802491 ns
        ==> throughput: 74767.1 MFLOP/s

GlobalHisto deltaT(ns): 15536539 ns for 20 ops 
        ==> each op takes 776826 ns
        ==> throughput: 77237.3 MFLOP/s

SerialHisto deltaT(ns): 10755780371 ns for 20 ops 
        ==> each op takes 537789018 ns
        ==> throughput: 111.568 MFLOP/s
---
n=65000000 h=2048 nr=20

BlockHisto deltaT(ns): 17246935 ns for 20 ops 
        ==> each op takes 862346 ns
        ==> throughput: 75375.7 MFLOP/s

GlobalHisto deltaT(ns): 16744282 ns for 20 ops 
        ==> each op takes 837214 ns
        ==> throughput: 77638.4 MFLOP/s

SerialHisto deltaT(ns): 11628131182 ns for 20 ops 
        ==> each op takes 581406559 ns
        ==> throughput: 111.798 MFLOP/s
---
n=70000000 h=2048 nr=20

BlockHisto deltaT(ns): 19125400 ns for 20 ops 
        ==> each op takes 956270 ns
        ==> throughput: 73201.1 MFLOP/s

GlobalHisto deltaT(ns): 18580400 ns for 20 ops 
        ==> each op takes 929020 ns
        ==> throughput: 75348.2 MFLOP/s

SerialHisto deltaT(ns): 12521380022 ns for 20 ops 
        ==> each op takes 626069001 ns
        ==> throughput: 111.809 MFLOP/s
---
n=75000000 h=2048 nr=20

BlockHisto deltaT(ns): 20122963 ns for 20 ops 
        ==> each op takes 1006148 ns
        ==> throughput: 74541.7 MFLOP/s

GlobalHisto deltaT(ns): 19592250 ns for 20 ops 
        ==> each op takes 979612 ns
        ==> throughput: 76560.9 MFLOP/s

SerialHisto deltaT(ns): 13495182567 ns for 20 ops 
        ==> each op takes 674759128 ns
        ==> throughput: 111.151 MFLOP/s
---
n=80000000 h=2048 nr=20

BlockHisto deltaT(ns): 21397372 ns for 20 ops 
        ==> each op takes 1069868 ns
        ==> throughput: 74775.5 MFLOP/s

GlobalHisto deltaT(ns): 20957372 ns for 20 ops 
        ==> each op takes 1047868 ns
        ==> throughput: 76345.5 MFLOP/s

SerialHisto deltaT(ns): 14316585836 ns for 20 ops 
        ==> each op takes 715829291 ns
        ==> throughput: 111.758 MFLOP/s
---
n=85000000 h=2048 nr=20

BlockHisto deltaT(ns): 23393854 ns for 20 ops 
        ==> each op takes 1169692 ns
        ==> throughput: 72668.7 MFLOP/s

GlobalHisto deltaT(ns): 22838204 ns for 20 ops 
        ==> each op takes 1141910 ns
        ==> throughput: 74436.7 MFLOP/s

SerialHisto deltaT(ns): 15191381519 ns for 20 ops 
        ==> each op takes 759569075 ns
        ==> throughput: 111.906 MFLOP/s
---
n=90000000 h=2048 nr=20

BlockHisto deltaT(ns): 24397356 ns for 20 ops 
        ==> each op takes 1219867 ns
        ==> throughput: 73778.5 MFLOP/s

GlobalHisto deltaT(ns): 23988570 ns for 20 ops 
        ==> each op takes 1199428 ns
        ==> throughput: 75035.7 MFLOP/s

SerialHisto deltaT(ns): 16100263634 ns for 20 ops 
        ==> each op takes 805013181 ns
        ==> throughput: 111.799 MFLOP/s
---
n=95000000 h=2048 nr=20

BlockHisto deltaT(ns): 25564546 ns for 20 ops 
        ==> each op takes 1278227 ns
        ==> throughput: 74321.7 MFLOP/s

GlobalHisto deltaT(ns): 25196474 ns for 20 ops 
        ==> each op takes 1259823 ns
        ==> throughput: 75407.4 MFLOP/s

SerialHisto deltaT(ns): 16988711977 ns for 20 ops 
        ==> each op takes 849435598 ns
        ==> throughput: 111.839 MFLOP/s
---
n=100000000 h=2048 nr=20

BlockHisto deltaT(ns): 27620730 ns for 20 ops 
        ==> each op takes 1381036 ns
        ==> throughput: 72409.4 MFLOP/s

GlobalHisto deltaT(ns): 27122515 ns for 20 ops 
        ==> each op takes 1356125 ns
        ==> throughput: 73739.5 MFLOP/s

SerialHisto deltaT(ns): 17893580868 ns for 20 ops 
        ==> each op takes 894679043 ns
        ==> throughput: 111.772 MFLOP/s
---
